<?xml version="1.0" encoding="UTF-8"?>
<!-- Generated by org.testng.reporters.JUnitReportReporter -->
<testsuite hostname="DESKTOP-RNENIC8" failures="0" tests="16" name="web_p.Test_web_site" time="0.014" errors="0" timestamp="2025-01-11T18:48:47 AST" skipped="15">
  <testcase classname="web_p.Test_web_site" name="CheckTheTitle" time="0.014"/>
  <system-out/>
  <testcase classname="web_p.Test_web_site" name="fifth">
    <skipped/>
  </testcase> <!-- fifth -->
  <system-out/>
  <testcase classname="web_p.Test_web_site" name="Enabled_Disabled_Example">
    <skipped/>
  </testcase> <!-- Enabled_Disabled_Example -->
  <system-out/>
  <testcase classname="web_p.Test_web_site" name="sexth">
    <skipped/>
  </testcase> <!-- sexth -->
  <system-out/>
  <testcase classname="web_p.Test_web_site" name="Mouse_Hover_Example">
    <skipped/>
  </testcase> <!-- Mouse_Hover_Example -->
  <system-out/>
  <testcase classname="web_p.Test_web_site" name="first">
    <skipped/>
  </testcase> <!-- first -->
  <system-out/>
  <testcase classname="web_p.Test_web_site" name="Calendar_Example">
    <skipped/>
  </testcase> <!-- Calendar_Example -->
  <system-out/>
  <testcase classname="web_p.Test_web_site" name="therd">
    <skipped/>
  </testcase> <!-- therd -->
  <system-out/>
  <testcase classname="web_p.Test_web_site" name="Web_Table_Example">
    <skipped/>
  </testcase> <!-- Web_Table_Example -->
  <system-out/>
  <testcase classname="web_p.Test_web_site" name="Element_Displayed_Example">
    <skipped/>
  </testcase> <!-- Element_Displayed_Example -->
  <system-out/>
  <testcase classname="web_p.Test_web_site" name="iFrame_Example">
    <skipped/>
  </testcase> <!-- iFrame_Example -->
  <system-out/>
  <testcase classname="web_p.Test_web_site" name="second">
    <skipped/>
  </testcase> <!-- second -->
  <system-out/>
  <testcase classname="web_p.Test_web_site" name="forth">
    <skipped/>
  </testcase> <!-- forth -->
  <system-out/>
  <testcase classname="web_p.Test_web_site" name="Dynamic_Dropdown_Example">
    <skipped/>
  </testcase> <!-- Dynamic_Dropdown_Example -->
  <system-out/>
  <testcase classname="web_p.Test_web_site" name="Switch_To_Alert_Example">
    <skipped/>
  </testcase> <!-- Switch_To_Alert_Example -->
  <system-out/>
  <testcase classname="web_p.Test_web_site" name="Download_file_to_test">
    <skipped/>
  </testcase> <!-- Download_file_to_test -->
  <system-out/>
</testsuite> <!-- web_p.Test_web_site -->
